Arguments: 
  /usr/local/Cellar/node/8.6.0/bin/node /usr/local/Cellar/yarn/1.1.0/libexec/bin/yarn.js install

PATH: 
  /Users/vladislavfiliucov/.rvm/gems/ruby-2.2.4/bin:/Users/vladislavfiliucov/.rvm/gems/ruby-2.2.4@global/bin:/Users/vladislavfiliucov/.rvm/rubies/ruby-2.2.4/bin:/usr/local/opt/imagemagick@6/bin:~/bin:/Users/vladislavfiliucov/.npm-packages/bin:/usr/local/bin:/usr/local/sbin:/usr/local/mysql/bin:/usr/local/bin:/usr/bin:/bin:/usr/sbin:/sbin:/Applications/Postgres.app/Contents/Versions/9.4/bin:/Users/vladislavfiliucov/.npm-packages/bin:/usr/local/bin:~/.gem/ruby/1.8/bin:/Users/vladislavfiliucov/.rvm/bin

Yarn version: 
  1.1.0

Node version: 
  8.6.0

Platform: 
  darwin x64

npm manifest: 
  {
    "name": "dancy",
    "version": "1.0.0",
    "description": "Dance-tutorial platform.",
    "main": "index.js",
    "repository": "git@github.com:VladFiliucov/dancy.git",
    "author": "VladFiliucov",
    "license": "MIT",
    "scripts": {
      "start": "webpack-dev-server"
    },
    "dependencies": {
      "fs-extra": "3.0.1",
      "html-webpack-plugin": "2.29.0",
      "object-assign": "4.1.1",
      "postcss-flexbugs-fixes": "3.2.0",
      "postcss-loader": "2.0.6",
      "promise": "8.0.1",
      "react": "^16.0.0",
      "react-dom": "^16.0.0",
      "style-loader": "0.18.2",
      "sw-precache-webpack-plugin": "0.11.4",
      "url-loader": "0.5.9",
      "whatwg-fetch": "2.0.3"
    },
    "devDependencies": {
      "autoprefixer": "7.1.2",
      "babel-core": "6.25.0",
      "babel-eslint": "7.2.3",
      "babel-jest": "20.0.3",
      "babel-loader": "^7.1.2",
      "babel-preset-react-app": "^3.0.3",
      "babel-runtime": "6.26.0",
      "case-sensitive-paths-webpack-plugin": "2.1.1",
      "chalk": "1.1.3",
      "css-loader": "0.28.4",
      "enzyme": "^3.1.0",
      "enzyme-adapter-react-16": "^1.0.1",
      "eslint": "4.4.1",
      "eslint-config-react-app": "^2.0.1",
      "eslint-loader": "1.9.0",
      "eslint-plugin-flowtype": "2.35.0",
      "eslint-plugin-import": "2.7.0",
      "eslint-plugin-jsx-a11y": "5.1.1",
      "eslint-plugin-react": "7.1.0",
      "extract-text-webpack-plugin": "3.0.0",
      "file-loader": "0.11.2",
      "jest": "20.0.4",
      "react-dev-utils": "^4.1.0",
      "react-test-renderer": "^16.0.0",
      "webpack": "3.5.1",
      "webpack-dev-server": "2.8.2",
      "webpack-manifest-plugin": "1.2.1"
    }
  };

yarn manifest: 
  No manifest

Lockfile: 
  No lockfile

Trace: 
  SyntaxError: /Users/vladislavfiliucov/sites/50apps/dancy/package.json: Unexpected token ; in JSON at position 1581
      at JSON.parse (<anonymous>)
      at /usr/local/Cellar/yarn/1.1.0/libexec/lib/cli.js:764:59
      at Generator.next (<anonymous>)
      at step (/usr/local/Cellar/yarn/1.1.0/libexec/lib/cli.js:92:30)
      at /usr/local/Cellar/yarn/1.1.0/libexec/lib/cli.js:103:13
      at <anonymous>
